{
  "stats": {
    "suites": 1,
    "tests": 1,
    "passes": 1,
    "pending": 0,
    "failures": 0,
    "start": "2024-03-24T21:24:47.474Z",
    "end": "2024-03-24T21:24:52.666Z",
    "duration": 5192,
    "testsRegistered": 1,
    "passPercent": 100,
    "pendingPercent": 0,
    "other": 0,
    "hasOther": false,
    "skipped": 0,
    "hasSkipped": false
  },
  "results": [
    {
      "uuid": "2ebdf383-57c0-4911-a7c7-efddf5e2c64f",
      "title": "",
      "fullFile": "cypress/e2e/googleSearchTest.cy.js",
      "file": "cypress/e2e/googleSearchTest.cy.js",
      "beforeHooks": [],
      "afterHooks": [],
      "tests": [],
      "suites": [
        {
          "uuid": "b0a09640-3bfc-4efa-b6a9-1bd23aa6e024",
          "title": "searchTest suite",
          "fullFile": "",
          "file": "",
          "beforeHooks": [],
          "afterHooks": [],
          "tests": [
            {
              "title": "Validate Google search return expected result",
              "fullTitle": "searchTest suite Validate Google search return expected result",
              "timedOut": null,
              "duration": 3260,
              "state": "passed",
              "speed": "fast",
              "pass": true,
              "fail": false,
              "pending": false,
              "context": null,
              "code": "//Check if fixture data is loaded successfully\nexpect(input).to.not.be.undefined;\nhomePage.launchWebPage(input.url);\nhomePage.validateTitle(input.title);\nhomePage.clickSearchTxtBox();\nhomePage.enterSearchQuery(input.query);\nhomePage.submitSearchQuery();\nresultPage.verifyFirstSearchResult(input.query);",
              "err": {},
              "uuid": "bc934e67-26ca-4c9f-a8ac-7de1adf192a6",
              "parentUUID": "b0a09640-3bfc-4efa-b6a9-1bd23aa6e024",
              "isHook": false,
              "skipped": false
            }
          ],
          "suites": [],
          "passes": [
            "bc934e67-26ca-4c9f-a8ac-7de1adf192a6"
          ],
          "failures": [],
          "pending": [],
          "skipped": [],
          "duration": 3260,
          "root": false,
          "rootEmpty": false,
          "_timeout": 2000
        }
      ],
      "passes": [],
      "failures": [],
      "pending": [],
      "skipped": [],
      "duration": 0,
      "root": true,
      "rootEmpty": true,
      "_timeout": 2000
    }
  ],
  "meta": {
    "mocha": {
      "version": "7.0.1"
    },
    "mochawesome": {
      "options": {
        "quiet": false,
        "reportFilename": "mochawesome",
        "saveHtml": true,
        "saveJson": true,
        "consoleReporter": "spec",
        "useInlineDiffs": false,
        "code": true
      },
      "version": "7.1.3"
    },
    "marge": {
      "options": {
        "reportDir": "cypress/reports",
        "reportFileName": "report",
        "overWrite": true,
        "html": true,
        "json": true,
        "charts": true
      },
      "version": "6.2.0"
    }
  }
}